2017-10-02 14:50:16,975;INFO;dcss_stats;version 0.0.1
2017-10-02 14:50:16,976;INFO;dcss_stats;reading config data from 'C:\Users\Olivier Schwab\Documents\Perso\dcss_stats\dcss_stats_cli\config.yml'
2017-10-02 14:51:57,906   [INFO] [dcss_stats]  [version 0.0.1]
2017-10-02 14:51:57,908   [INFO] [dcss_stats]  [reading config data from 'C:\Users\Olivier Schwab\Documents\Perso\dcss_stats\dcss_stats_cli\config.yml']
2017-10-02 17:03:37,454   [INFO] [dcss_stats]  version 0.0.1
2017-10-02 17:03:37,455   [INFO] [dcss_stats]  reading config data from 'C:\Users\Olivier Schwab\Documents\Perso\dcss_stats\dcss_stats_cli\config.yml'
2017-10-02 17:03:37,476   [INFO] [dcss_stats]  Analyzing morgue-Awutz-20160912-104224.txt
2017-10-02 17:03:37,477   [INFO] [dcss_stats]  Analyzing morgue-Awutz-20160912-110045.txt
2017-10-02 17:03:37,477   [INFO] [dcss_stats]  Analyzing morgue-Cempedu-20170918-145339.txt
2017-10-02 17:03:37,477   [INFO] [dcss_stats]  Analyzing morgue-Cempedu-20170919-115524.txt
2017-10-02 17:03:37,477   [INFO] [dcss_stats]  Analyzing morgue-Ekuephiu-20160915-105841.txt
2017-10-02 17:03:37,478   [INFO] [dcss_stats]  Analyzing morgue-Ewifo-20160915-120447.txt
2017-10-02 17:03:37,478   [INFO] [dcss_stats]  Analyzing morgue-Goituwuq-20160916-135538.txt
2017-10-02 17:03:37,478   [INFO] [dcss_stats]  Analyzing morgue-Ihoc-20160913-105001.txt
2017-10-02 17:03:37,478   [INFO] [dcss_stats]  Analyzing morgue-Ismigif-20160913-153547.txt
2017-10-02 17:03:37,479   [INFO] [dcss_stats]  Analyzing morgue-Kemiewuss-20160909-130756.txt
2017-10-02 17:03:37,479   [INFO] [dcss_stats]  Analyzing morgue-Kemiewuss-20160909-134154.txt
2017-10-02 17:03:37,479   [INFO] [dcss_stats]  Analyzing morgue-Kouno-20160914-134634.txt
2017-10-02 17:03:37,479   [INFO] [dcss_stats]  Analyzing morgue-Lepoulpe-20160919-103707.txt
2017-10-02 17:03:37,480   [INFO] [dcss_stats]  Analyzing morgue-LePoulpe-20160919-113537.txt
2017-10-02 17:03:37,480   [INFO] [dcss_stats]  Analyzing morgue-LePoulpe-20160919-142004.txt
2017-10-02 17:03:37,480   [INFO] [dcss_stats]  Analyzing morgue-LePoulpe-20160919-162952.txt
2017-10-02 17:03:37,480   [INFO] [dcss_stats]  Analyzing morgue-LePoulpe-20160920-091912.txt
2017-10-02 17:03:37,481   [INFO] [dcss_stats]  Analyzing morgue-LePoulpe-20160920-120729.txt
2017-10-02 17:03:37,481   [INFO] [dcss_stats]  Analyzing morgue-LePoulpe-20160920-132401.txt
2017-10-02 17:03:37,481   [INFO] [dcss_stats]  Analyzing morgue-LePoulpe-20160921-115846.txt
2017-10-02 17:03:37,481   [INFO] [dcss_stats]  Analyzing morgue-LePoulpe-20160921-161807.txt
2017-10-02 17:03:37,482   [INFO] [dcss_stats]  Analyzing morgue-LePoulpe-20160922-114943.txt
2017-10-02 17:03:37,482   [INFO] [dcss_stats]  Analyzing morgue-LePoulpe-20160922-150921.txt
2017-10-02 17:03:37,482   [INFO] [dcss_stats]  Analyzing morgue-LePoulpe-20160922-152618.txt
2017-10-02 17:03:37,483   [INFO] [dcss_stats]  Analyzing morgue-LePoulpe-20160927-112225.txt
2017-10-02 17:03:37,483   [INFO] [dcss_stats]  Analyzing morgue-LePoulpe-20160928-125550.txt
2017-10-02 17:03:37,483   [INFO] [dcss_stats]  Analyzing morgue-LePoulpe-20160928-132435.txt
2017-10-02 17:03:37,483   [INFO] [dcss_stats]  Analyzing morgue-LePoulpe-20160928-150409.txt
2017-10-02 17:03:37,483   [INFO] [dcss_stats]  Analyzing morgue-LePoulpe-20160929-145610.txt
2017-10-02 17:03:37,484   [INFO] [dcss_stats]  Analyzing morgue-LePoulpe-20160930-130024.txt
2017-10-02 17:03:37,484   [INFO] [dcss_stats]  Analyzing morgue-LePoulpe-20161004-162800.txt
2017-10-02 17:03:37,484   [INFO] [dcss_stats]  Analyzing morgue-LePoulpe-20161005-130123.txt
2017-10-02 17:03:37,485   [INFO] [dcss_stats]  Analyzing morgue-LePoulpe-20161005-161755.txt
2017-10-02 17:03:37,485   [INFO] [dcss_stats]  Analyzing morgue-LePoulpe-20161005-171017.txt
2017-10-02 17:03:37,485   [INFO] [dcss_stats]  Analyzing morgue-LePoulpe-20161006-100007.txt
2017-10-02 17:03:37,486   [INFO] [dcss_stats]  Analyzing morgue-LePoulpe-20161006-102531.txt
2017-10-02 17:03:37,486   [INFO] [dcss_stats]  Analyzing morgue-LePoulpe-20161006-171631.txt
2017-10-02 17:03:37,486   [INFO] [dcss_stats]  Analyzing morgue-LePoulpe-20161007-093640.txt
2017-10-02 17:03:37,486   [INFO] [dcss_stats]  Analyzing morgue-LePoulpe-20161007-100822.txt
2017-10-02 17:03:37,487   [INFO] [dcss_stats]  Analyzing morgue-LePoulpe-20170908-122924.txt
2017-10-02 17:03:37,487   [INFO] [dcss_stats]  Analyzing morgue-LePoulpe-20170908-135312.txt
2017-10-02 17:03:37,487   [INFO] [dcss_stats]  Analyzing morgue-LePoulpe-20170908-162244.txt
2017-10-02 17:03:37,488   [INFO] [dcss_stats]  Analyzing morgue-LePoulpe-20170911-112902.txt
2017-10-02 17:03:37,488   [INFO] [dcss_stats]  Analyzing morgue-LePoulpe-20170911-150344.txt
2017-10-02 17:03:37,489   [INFO] [dcss_stats]  Analyzing morgue-LePoulpe-20170911-171638.txt
2017-10-02 17:03:37,489   [INFO] [dcss_stats]  Analyzing morgue-LePoulpe-20170912-092914.txt
2017-10-02 17:03:37,489   [INFO] [dcss_stats]  Analyzing morgue-LePoulpe-20170912-095738.txt
2017-10-02 17:03:37,489   [INFO] [dcss_stats]  Analyzing morgue-LePoulpe-20170912-105202.txt
2017-10-02 17:03:37,490   [INFO] [dcss_stats]  Analyzing morgue-LePoulpe-20170912-120821.txt
2017-10-02 17:03:37,490   [INFO] [dcss_stats]  Analyzing morgue-LePoulpe-20170912-131246.txt
2017-10-02 17:03:37,490   [INFO] [dcss_stats]  Analyzing morgue-LePoulpe-20170912-162839.txt
2017-10-02 17:03:37,490   [INFO] [dcss_stats]  Analyzing morgue-LePoulpe-20170913-170321.txt
2017-10-02 17:03:37,491   [INFO] [dcss_stats]  Analyzing morgue-LePoulpe-20170915-141715.txt
2017-10-02 17:03:37,491   [INFO] [dcss_stats]  Analyzing morgue-LePoulpe-20170918-094716.txt
2017-10-02 17:03:37,492   [INFO] [dcss_stats]  Analyzing morgue-LePoulpe-20170918-113459.txt
2017-10-02 17:03:37,492   [INFO] [dcss_stats]  Analyzing morgue-LePoulpe-20170918-143505.txt
2017-10-02 17:03:37,492   [INFO] [dcss_stats]  Analyzing morgue-LePoulpe-20170920-152918.txt
2017-10-02 17:03:37,493   [INFO] [dcss_stats]  Analyzing morgue-LePoulpe-20170922-104533.txt
2017-10-02 17:03:37,493   [INFO] [dcss_stats]  Analyzing morgue-LePoulpe-20170922-131056.txt
2017-10-02 17:03:37,494   [INFO] [dcss_stats]  Analyzing morgue-LePoulpe-20170922-133418.txt
2017-10-02 17:03:37,494   [INFO] [dcss_stats]  Analyzing morgue-LePoulpe-20170922-135811.txt
2017-10-02 17:03:37,494   [INFO] [dcss_stats]  Analyzing morgue-LePoulpe-20170922-151748.txt
2017-10-02 17:03:37,494   [INFO] [dcss_stats]  Analyzing morgue-LePoulpe-20170925-130011.txt
2017-10-02 17:03:37,495   [INFO] [dcss_stats]  Analyzing morgue-LePoulpe-20170925-172830.txt
2017-10-02 17:03:37,495   [INFO] [dcss_stats]  Analyzing morgue-LePoulpe-20170926-091007.txt
2017-10-02 17:03:37,495   [INFO] [dcss_stats]  Analyzing morgue-LePoulpe-20170926-092938.txt
2017-10-02 17:03:37,495   [INFO] [dcss_stats]  Analyzing morgue-LePoulpe-20170926-131044.txt
2017-10-02 17:03:37,496   [INFO] [dcss_stats]  Analyzing morgue-LePoulpe-20170926-161749.txt
2017-10-02 17:03:37,496   [INFO] [dcss_stats]  Analyzing morgue-LePoulpe-20170927-115623.txt
2017-10-02 17:03:37,496   [INFO] [dcss_stats]  Analyzing morgue-LePoulpe-20170927-164024.txt
2017-10-02 17:03:37,496   [INFO] [dcss_stats]  Analyzing morgue-LePoulpe-20170928-095857.txt
2017-10-02 17:03:37,497   [INFO] [dcss_stats]  Analyzing morgue-LePoulpe-20170928-172524.txt
2017-10-02 17:03:37,497   [INFO] [dcss_stats]  Analyzing morgue-LePoulpe-20170929-103207.txt
2017-10-02 17:03:37,497   [INFO] [dcss_stats]  Analyzing morgue-LePoulpe-20170929-161222.txt
2017-10-02 17:03:37,498   [INFO] [dcss_stats]  Analyzing morgue-LePoulpe-20171002-115522.txt
2017-10-02 17:03:37,498   [INFO] [dcss_stats]  Analyzing morgue-Lofet-20160909-160109.txt
2017-10-02 17:03:37,498   [INFO] [dcss_stats]  Analyzing morgue-Niggur-20160907-100829.txt
2017-10-02 17:03:37,498   [INFO] [dcss_stats]  Analyzing morgue-Niggur-20160907-101734.txt
2017-10-02 17:03:37,499   [INFO] [dcss_stats]  Analyzing morgue-Niggur-20160907-103310.txt
2017-10-02 17:03:37,499   [INFO] [dcss_stats]  Analyzing morgue-Niggur-20160907-112531.txt
2017-10-02 17:03:37,499   [INFO] [dcss_stats]  Analyzing morgue-Niggur-20160907-164854.txt
2017-10-02 17:03:37,499   [INFO] [dcss_stats]  Analyzing morgue-Niggur-20160909-130048.txt
2017-10-02 17:03:37,500   [INFO] [dcss_stats]  Analyzing morgue-Oklitenu-20160909-141026.txt
2017-10-02 17:03:37,500   [INFO] [dcss_stats]  Analyzing morgue-Olivier-20160822-110644.txt
2017-10-02 17:03:37,500   [INFO] [dcss_stats]  Analyzing morgue-Olivier-20160823-113601.txt
2017-10-02 17:03:37,500   [INFO] [dcss_stats]  Analyzing morgue-Olivier-20160824-084007.txt
2017-10-02 17:03:37,501   [INFO] [dcss_stats]  Analyzing morgue-Olivier-20160824-100118.txt
2017-10-02 17:03:37,501   [INFO] [dcss_stats]  Analyzing morgue-Olivier-20160824-125159.txt
2017-10-02 17:03:37,501   [INFO] [dcss_stats]  Analyzing morgue-Olivier-20160825-165448.txt
2017-10-02 17:03:37,501   [INFO] [dcss_stats]  Analyzing morgue-Olivier-20160826-082100.txt
2017-10-02 17:03:37,502   [INFO] [dcss_stats]  Analyzing morgue-Olivier-20160826-110824.txt
2017-10-02 17:03:37,502   [INFO] [dcss_stats]  Analyzing morgue-Olivier-20160826-141245.txt
2017-10-02 17:03:37,502   [INFO] [dcss_stats]  Analyzing morgue-Olivier-20160826-141553.txt
2017-10-02 17:03:37,502   [INFO] [dcss_stats]  Analyzing morgue-Olivier-20160826-142103.txt
2017-10-02 17:03:37,503   [INFO] [dcss_stats]  Analyzing morgue-Olivier-20160826-161724.txt
2017-10-02 17:03:37,503   [INFO] [dcss_stats]  Analyzing morgue-Olivier-20160826-162735.txt
2017-10-02 17:03:37,503   [INFO] [dcss_stats]  Analyzing morgue-Olivier-20160829-101454.txt
2017-10-02 17:03:37,503   [INFO] [dcss_stats]  Analyzing morgue-Olivier-20160829-110843.txt
2017-10-02 17:03:37,504   [INFO] [dcss_stats]  Analyzing morgue-Olivier-20160829-115852.txt
2017-10-02 17:03:37,504   [INFO] [dcss_stats]  Analyzing morgue-Olivier-20160829-124805.txt
2017-10-02 17:03:37,504   [INFO] [dcss_stats]  Analyzing morgue-Olivier-20160829-130558.txt
2017-10-02 17:03:37,504   [INFO] [dcss_stats]  Analyzing morgue-Olivier-20160829-131937.txt
2017-10-02 17:03:37,504   [INFO] [dcss_stats]  Analyzing morgue-Olivier-20160829-132135.txt
2017-10-02 17:03:37,505   [INFO] [dcss_stats]  Analyzing morgue-Olivier-20160829-132318.txt
2017-10-02 17:03:37,505   [INFO] [dcss_stats]  Analyzing morgue-Olivier-20160829-154722.txt
2017-10-02 17:03:37,505   [INFO] [dcss_stats]  Analyzing morgue-Olivier-20160830-095035.txt
2017-10-02 17:03:37,505   [INFO] [dcss_stats]  Analyzing morgue-Olivier-20160830-133442.txt
2017-10-02 17:03:37,506   [INFO] [dcss_stats]  Analyzing morgue-Olivier-20160830-143043.txt
2017-10-02 17:03:37,506   [INFO] [dcss_stats]  Analyzing morgue-Olivier-20160830-153134.txt
2017-10-02 17:03:37,506   [INFO] [dcss_stats]  Analyzing morgue-Olivier-20160831-142328.txt
2017-10-02 17:03:37,506   [INFO] [dcss_stats]  Analyzing morgue-Olivier-20160901-095713.txt
2017-10-02 17:03:37,507   [INFO] [dcss_stats]  Analyzing morgue-Olivier-20160901-111731.txt
2017-10-02 17:03:37,507   [INFO] [dcss_stats]  Analyzing morgue-Olivier-20160901-152604.txt
2017-10-02 17:03:37,508   [INFO] [dcss_stats]  Analyzing morgue-Olivier-20160901-162327.txt
2017-10-02 17:03:37,508   [INFO] [dcss_stats]  Analyzing morgue-Olivier-20160901-163312.txt
2017-10-02 17:03:37,508   [INFO] [dcss_stats]  Analyzing morgue-Olivier-20160901-174150.txt
2017-10-02 17:03:37,508   [INFO] [dcss_stats]  Analyzing morgue-Olivier-20160902-092525.txt
2017-10-02 17:03:37,509   [INFO] [dcss_stats]  Analyzing morgue-Olivier-20160902-103450.txt
2017-10-02 17:03:37,509   [INFO] [dcss_stats]  Analyzing morgue-Olivier-20160902-131605.txt
2017-10-02 17:03:37,509   [INFO] [dcss_stats]  Analyzing morgue-Olivier-20160902-133844.txt
2017-10-02 17:03:37,509   [INFO] [dcss_stats]  Analyzing morgue-Olivier-20160905-091951.txt
2017-10-02 17:03:37,510   [INFO] [dcss_stats]  Analyzing morgue-Olivier-20160905-093609.txt
2017-10-02 17:03:37,510   [INFO] [dcss_stats]  Analyzing morgue-Olivier-20160905-112519.txt
2017-10-02 17:03:37,510   [INFO] [dcss_stats]  Analyzing morgue-Olivier-20160905-160337.txt
2017-10-02 17:03:37,510   [INFO] [dcss_stats]  Analyzing morgue-Olivier-20160905-162903.txt
2017-10-02 17:03:37,512   [INFO] [dcss_stats]  Analyzing morgue-Olivier-20160906-165332.txt
2017-10-02 17:03:37,512   [INFO] [dcss_stats]  Analyzing morgue-Olivier-20160907-095511.txt
2017-10-02 17:03:37,512   [INFO] [dcss_stats]  Analyzing morgue-Pyfroet-20160909-161110.txt
2017-10-02 17:03:37,512   [INFO] [dcss_stats]  Analyzing morgue-Quts-20160916-124526.txt
2017-10-02 17:03:37,513   [INFO] [dcss_stats]  Analyzing morgue-Ruyt-20160915-120051.txt
2017-10-02 17:03:37,513   [INFO] [dcss_stats]  Analyzing morgue-Taaxt-20160909-161306.txt
2017-10-02 17:03:37,513   [INFO] [dcss_stats]  Analyzing morgue-Taghout-20160916-113100.txt
2017-10-02 17:03:37,513   [INFO] [dcss_stats]  Analyzing morgue-Toewn-20160909-162857.txt
2017-10-02 17:03:37,513   [INFO] [dcss_stats]  Analyzing morgue-Toriamy-20160915-134903.txt
2017-10-02 17:03:37,514   [INFO] [dcss_stats]  Analyzing morgue-Toriamy-20160915-160030.txt
2017-10-02 17:03:37,514   [INFO] [dcss_stats]  Analyzing morgue-Ucaischo-20160916-161437.txt
2017-10-02 17:03:37,514   [INFO] [dcss_stats]  Analyzing morgue-UvonurMieb-20160824-134148.txt
2017-10-02 17:03:37,514   [INFO] [dcss_stats]  Analyzing morgue-UvonurMieb-20160824-160203.txt
2017-10-02 17:03:37,515   [INFO] [dcss_stats]  Analyzing morgue-Vieq-20160912-123346.txt
2017-10-02 17:03:37,515   [INFO] [dcss_stats]  Analyzing morgue-Vieq-20160912-130013.txt
2017-10-02 17:03:37,515   [INFO] [dcss_stats]  Analyzing morgue-Vieq-20160912-134815.txt
2017-10-02 17:03:37,515   [INFO] [dcss_stats]  Analyzing morgue-Vieq-20160912-153116.txt
2017-10-02 17:03:37,516   [INFO] [dcss_stats]  Analyzing morgue-Vieq-20160912-165433.txt
2017-10-02 17:03:37,516   [INFO] [dcss_stats]  Analyzing morgue-Wexky-20160913-115126.txt
2017-10-02 17:03:37,516   [INFO] [dcss_stats]  Analyzing morgue-Xikamn-20160915-163026.txt
2017-10-02 17:03:37,516   [INFO] [dcss_stats]  Analyzing morgue-Yfuagill-20160912-102018.txt
2017-10-02 17:03:37,516   [INFO] [dcss_stats]  Analyzing morgue-Zagh-20160916-101501.txt
2017-10-02 17:06:08,301   [INFO] [dcss_stats]  version 0.0.1
2017-10-02 17:06:08,302   [INFO] [dcss_stats]  reading config data from 'C:\Users\Olivier Schwab\Documents\Perso\dcss_stats\dcss_stats_cli\config.yml'
2017-10-02 17:09:41,809   [INFO] [dcss_stats]  version 0.0.1
2017-10-02 17:09:41,811   [INFO] [dcss_stats]  reading config data from 'C:\Users\Olivier Schwab\Documents\Perso\dcss_stats\dcss_stats_cli\config.yml'
2017-10-02 17:15:32,071   [INFO] [dcss_stats]  version 0.0.1
2017-10-02 17:15:32,073   [INFO] [dcss_stats]  reading config data from 'C:\Users\Olivier Schwab\Documents\Perso\dcss_stats\dcss_stats_cli\config.yml'
2017-10-02 17:15:59,335   [INFO] [dcss_stats]  version 0.0.1
2017-10-02 17:15:59,337   [INFO] [dcss_stats]  reading config data from 'C:\Users\Olivier Schwab\Documents\Perso\dcss_stats\dcss_stats_cli\config.yml'
2017-10-02 17:18:11,071   [INFO] [dcss_stats]  version 0.0.1
2017-10-02 17:18:11,073   [INFO] [dcss_stats]  reading config data from 'C:\Users\Olivier Schwab\Documents\Perso\dcss_stats\dcss_stats_cli\config.yml'
2017-10-02 17:18:11,096   [INFO] [dcss_stats]  Analyzing morgue-Awutz-20160912-104224.txt
2017-10-02 17:18:11,096   [INFO] [dcss_stats]  Analyzing morgue-Awutz-20160912-110045.txt
2017-10-02 17:18:11,097   [INFO] [dcss_stats]  Analyzing morgue-Cempedu-20170918-145339.txt
2017-10-02 17:18:11,097   [INFO] [dcss_stats]  Analyzing morgue-Cempedu-20170919-115524.txt
2017-10-02 17:18:11,097   [INFO] [dcss_stats]  Analyzing morgue-Ekuephiu-20160915-105841.txt
2017-10-02 17:18:11,097   [INFO] [dcss_stats]  Analyzing morgue-Ewifo-20160915-120447.txt
2017-10-02 17:18:11,097   [INFO] [dcss_stats]  Analyzing morgue-Goituwuq-20160916-135538.txt
2017-10-02 17:18:11,098   [INFO] [dcss_stats]  Analyzing morgue-Ihoc-20160913-105001.txt
2017-10-02 17:18:11,098   [INFO] [dcss_stats]  Analyzing morgue-Ismigif-20160913-153547.txt
2017-10-02 17:18:11,098   [INFO] [dcss_stats]  Analyzing morgue-Kemiewuss-20160909-130756.txt
2017-10-02 17:18:11,099   [INFO] [dcss_stats]  Analyzing morgue-Kemiewuss-20160909-134154.txt
2017-10-02 17:18:11,099   [INFO] [dcss_stats]  Analyzing morgue-Kouno-20160914-134634.txt
2017-10-02 17:18:11,099   [INFO] [dcss_stats]  Analyzing morgue-Lepoulpe-20160919-103707.txt
2017-10-02 17:18:11,100   [INFO] [dcss_stats]  Analyzing morgue-LePoulpe-20160919-113537.txt
2017-10-02 17:18:11,100   [INFO] [dcss_stats]  Analyzing morgue-LePoulpe-20160919-142004.txt
2017-10-02 17:18:11,100   [INFO] [dcss_stats]  Analyzing morgue-LePoulpe-20160919-162952.txt
2017-10-02 17:18:11,100   [INFO] [dcss_stats]  Analyzing morgue-LePoulpe-20160920-091912.txt
2017-10-02 17:18:11,100   [INFO] [dcss_stats]  Analyzing morgue-LePoulpe-20160920-120729.txt
2017-10-02 17:18:11,101   [INFO] [dcss_stats]  Analyzing morgue-LePoulpe-20160920-132401.txt
2017-10-02 17:18:11,101   [INFO] [dcss_stats]  Analyzing morgue-LePoulpe-20160921-115846.txt
2017-10-02 17:18:11,101   [INFO] [dcss_stats]  Analyzing morgue-LePoulpe-20160921-161807.txt
2017-10-02 17:18:11,101   [INFO] [dcss_stats]  Analyzing morgue-LePoulpe-20160922-114943.txt
2017-10-02 17:18:11,102   [INFO] [dcss_stats]  Analyzing morgue-LePoulpe-20160922-150921.txt
2017-10-02 17:18:11,102   [INFO] [dcss_stats]  Analyzing morgue-LePoulpe-20160922-152618.txt
2017-10-02 17:18:11,102   [INFO] [dcss_stats]  Analyzing morgue-LePoulpe-20160927-112225.txt
2017-10-02 17:18:11,102   [INFO] [dcss_stats]  Analyzing morgue-LePoulpe-20160928-125550.txt
2017-10-02 17:18:11,103   [INFO] [dcss_stats]  Analyzing morgue-LePoulpe-20160928-132435.txt
2017-10-02 17:18:11,103   [INFO] [dcss_stats]  Analyzing morgue-LePoulpe-20160928-150409.txt
2017-10-02 17:18:11,104   [INFO] [dcss_stats]  Analyzing morgue-LePoulpe-20160929-145610.txt
2017-10-02 17:18:11,104   [INFO] [dcss_stats]  Analyzing morgue-LePoulpe-20160930-130024.txt
2017-10-02 17:18:11,104   [INFO] [dcss_stats]  Analyzing morgue-LePoulpe-20161004-162800.txt
2017-10-02 17:18:11,104   [INFO] [dcss_stats]  Analyzing morgue-LePoulpe-20161005-130123.txt
2017-10-02 17:18:11,105   [INFO] [dcss_stats]  Analyzing morgue-LePoulpe-20161005-161755.txt
2017-10-02 17:18:11,105   [INFO] [dcss_stats]  Analyzing morgue-LePoulpe-20161005-171017.txt
2017-10-02 17:18:11,105   [INFO] [dcss_stats]  Analyzing morgue-LePoulpe-20161006-100007.txt
2017-10-02 17:18:11,105   [INFO] [dcss_stats]  Analyzing morgue-LePoulpe-20161006-102531.txt
2017-10-02 17:18:11,106   [INFO] [dcss_stats]  Analyzing morgue-LePoulpe-20161006-171631.txt
2017-10-02 17:18:11,106   [INFO] [dcss_stats]  Analyzing morgue-LePoulpe-20161007-093640.txt
2017-10-02 17:18:11,106   [INFO] [dcss_stats]  Analyzing morgue-LePoulpe-20161007-100822.txt
2017-10-02 17:18:11,106   [INFO] [dcss_stats]  Analyzing morgue-LePoulpe-20170908-122924.txt
2017-10-02 17:18:11,107   [INFO] [dcss_stats]  Analyzing morgue-LePoulpe-20170908-135312.txt
2017-10-02 17:18:11,107   [INFO] [dcss_stats]  Analyzing morgue-LePoulpe-20170908-162244.txt
2017-10-02 17:18:11,107   [INFO] [dcss_stats]  Analyzing morgue-LePoulpe-20170911-112902.txt
2017-10-02 17:18:11,107   [INFO] [dcss_stats]  Analyzing morgue-LePoulpe-20170911-150344.txt
2017-10-02 17:18:11,108   [INFO] [dcss_stats]  Analyzing morgue-LePoulpe-20170911-171638.txt
2017-10-02 17:18:11,108   [INFO] [dcss_stats]  Analyzing morgue-LePoulpe-20170912-092914.txt
2017-10-02 17:18:11,108   [INFO] [dcss_stats]  Analyzing morgue-LePoulpe-20170912-095738.txt
2017-10-02 17:18:11,109   [INFO] [dcss_stats]  Analyzing morgue-LePoulpe-20170912-105202.txt
2017-10-02 17:18:11,109   [INFO] [dcss_stats]  Analyzing morgue-LePoulpe-20170912-120821.txt
2017-10-02 17:18:11,109   [INFO] [dcss_stats]  Analyzing morgue-LePoulpe-20170912-131246.txt
2017-10-02 17:18:11,109   [INFO] [dcss_stats]  Analyzing morgue-LePoulpe-20170912-162839.txt
2017-10-02 17:18:11,109   [INFO] [dcss_stats]  Analyzing morgue-LePoulpe-20170913-170321.txt
2017-10-02 17:18:11,110   [INFO] [dcss_stats]  Analyzing morgue-LePoulpe-20170915-141715.txt
2017-10-02 17:18:11,110   [INFO] [dcss_stats]  Analyzing morgue-LePoulpe-20170918-094716.txt
2017-10-02 17:18:11,110   [INFO] [dcss_stats]  Analyzing morgue-LePoulpe-20170918-113459.txt
2017-10-02 17:18:11,111   [INFO] [dcss_stats]  Analyzing morgue-LePoulpe-20170918-143505.txt
2017-10-02 17:18:11,111   [INFO] [dcss_stats]  Analyzing morgue-LePoulpe-20170920-152918.txt
2017-10-02 17:18:11,111   [INFO] [dcss_stats]  Analyzing morgue-LePoulpe-20170922-104533.txt
2017-10-02 17:18:11,111   [INFO] [dcss_stats]  Analyzing morgue-LePoulpe-20170922-131056.txt
2017-10-02 17:18:11,112   [INFO] [dcss_stats]  Analyzing morgue-LePoulpe-20170922-133418.txt
2017-10-02 17:18:11,112   [INFO] [dcss_stats]  Analyzing morgue-LePoulpe-20170922-135811.txt
2017-10-02 17:18:11,112   [INFO] [dcss_stats]  Analyzing morgue-LePoulpe-20170922-151748.txt
2017-10-02 17:18:11,112   [INFO] [dcss_stats]  Analyzing morgue-LePoulpe-20170925-130011.txt
2017-10-02 17:18:11,112   [INFO] [dcss_stats]  Analyzing morgue-LePoulpe-20170925-172830.txt
2017-10-02 17:18:11,113   [INFO] [dcss_stats]  Analyzing morgue-LePoulpe-20170926-091007.txt
2017-10-02 17:18:11,113   [INFO] [dcss_stats]  Analyzing morgue-LePoulpe-20170926-092938.txt
2017-10-02 17:18:11,113   [INFO] [dcss_stats]  Analyzing morgue-LePoulpe-20170926-131044.txt
2017-10-02 17:18:11,113   [INFO] [dcss_stats]  Analyzing morgue-LePoulpe-20170926-161749.txt
2017-10-02 17:18:11,114   [INFO] [dcss_stats]  Analyzing morgue-LePoulpe-20170927-115623.txt
2017-10-02 17:18:11,114   [INFO] [dcss_stats]  Analyzing morgue-LePoulpe-20170927-164024.txt
2017-10-02 17:18:11,114   [INFO] [dcss_stats]  Analyzing morgue-LePoulpe-20170928-095857.txt
2017-10-02 17:18:11,115   [INFO] [dcss_stats]  Analyzing morgue-LePoulpe-20170928-172524.txt
2017-10-02 17:18:11,115   [INFO] [dcss_stats]  Analyzing morgue-LePoulpe-20170929-103207.txt
2017-10-02 17:18:11,115   [INFO] [dcss_stats]  Analyzing morgue-LePoulpe-20170929-161222.txt
2017-10-02 17:18:11,115   [INFO] [dcss_stats]  Analyzing morgue-LePoulpe-20171002-115522.txt
2017-10-02 17:18:11,116   [INFO] [dcss_stats]  Analyzing morgue-Lofet-20160909-160109.txt
2017-10-02 17:18:11,116   [INFO] [dcss_stats]  Analyzing morgue-Niggur-20160907-100829.txt
2017-10-02 17:18:11,116   [INFO] [dcss_stats]  Analyzing morgue-Niggur-20160907-101734.txt
2017-10-02 17:18:11,116   [INFO] [dcss_stats]  Analyzing morgue-Niggur-20160907-103310.txt
2017-10-02 17:18:11,117   [INFO] [dcss_stats]  Analyzing morgue-Niggur-20160907-112531.txt
2017-10-02 17:18:11,117   [INFO] [dcss_stats]  Analyzing morgue-Niggur-20160907-164854.txt
2017-10-02 17:18:11,117   [INFO] [dcss_stats]  Analyzing morgue-Niggur-20160909-130048.txt
2017-10-02 17:18:11,117   [INFO] [dcss_stats]  Analyzing morgue-Oklitenu-20160909-141026.txt
2017-10-02 17:18:11,118   [INFO] [dcss_stats]  Analyzing morgue-Olivier-20160822-110644.txt
2017-10-02 17:18:11,118   [INFO] [dcss_stats]  Analyzing morgue-Olivier-20160823-113601.txt
2017-10-02 17:18:11,118   [INFO] [dcss_stats]  Analyzing morgue-Olivier-20160824-084007.txt
2017-10-02 17:18:11,118   [INFO] [dcss_stats]  Analyzing morgue-Olivier-20160824-100118.txt
2017-10-02 17:18:11,118   [INFO] [dcss_stats]  Analyzing morgue-Olivier-20160824-125159.txt
2017-10-02 17:18:11,119   [INFO] [dcss_stats]  Analyzing morgue-Olivier-20160825-165448.txt
2017-10-02 17:18:11,119   [INFO] [dcss_stats]  Analyzing morgue-Olivier-20160826-082100.txt
2017-10-02 17:18:11,119   [INFO] [dcss_stats]  Analyzing morgue-Olivier-20160826-110824.txt
2017-10-02 17:18:11,119   [INFO] [dcss_stats]  Analyzing morgue-Olivier-20160826-141245.txt
2017-10-02 17:18:11,120   [INFO] [dcss_stats]  Analyzing morgue-Olivier-20160826-141553.txt
2017-10-02 17:18:11,120   [INFO] [dcss_stats]  Analyzing morgue-Olivier-20160826-142103.txt
2017-10-02 17:18:11,120   [INFO] [dcss_stats]  Analyzing morgue-Olivier-20160826-161724.txt
2017-10-02 17:18:11,120   [INFO] [dcss_stats]  Analyzing morgue-Olivier-20160826-162735.txt
2017-10-02 17:18:11,120   [INFO] [dcss_stats]  Analyzing morgue-Olivier-20160829-101454.txt
2017-10-02 17:18:11,121   [INFO] [dcss_stats]  Analyzing morgue-Olivier-20160829-110843.txt
2017-10-02 17:18:11,121   [INFO] [dcss_stats]  Analyzing morgue-Olivier-20160829-115852.txt
2017-10-02 17:18:11,121   [INFO] [dcss_stats]  Analyzing morgue-Olivier-20160829-124805.txt
2017-10-02 17:18:11,121   [INFO] [dcss_stats]  Analyzing morgue-Olivier-20160829-130558.txt
2017-10-02 17:18:11,122   [INFO] [dcss_stats]  Analyzing morgue-Olivier-20160829-131937.txt
2017-10-02 17:18:11,122   [INFO] [dcss_stats]  Analyzing morgue-Olivier-20160829-132135.txt
2017-10-02 17:18:11,122   [INFO] [dcss_stats]  Analyzing morgue-Olivier-20160829-132318.txt
2017-10-02 17:18:11,122   [INFO] [dcss_stats]  Analyzing morgue-Olivier-20160829-154722.txt
2017-10-02 17:18:11,123   [INFO] [dcss_stats]  Analyzing morgue-Olivier-20160830-095035.txt
2017-10-02 17:18:11,123   [INFO] [dcss_stats]  Analyzing morgue-Olivier-20160830-133442.txt
2017-10-02 17:18:11,123   [INFO] [dcss_stats]  Analyzing morgue-Olivier-20160830-143043.txt
2017-10-02 17:18:11,123   [INFO] [dcss_stats]  Analyzing morgue-Olivier-20160830-153134.txt
2017-10-02 17:18:11,124   [INFO] [dcss_stats]  Analyzing morgue-Olivier-20160831-142328.txt
2017-10-02 17:18:11,124   [INFO] [dcss_stats]  Analyzing morgue-Olivier-20160901-095713.txt
2017-10-02 17:18:11,124   [INFO] [dcss_stats]  Analyzing morgue-Olivier-20160901-111731.txt
2017-10-02 17:18:11,124   [INFO] [dcss_stats]  Analyzing morgue-Olivier-20160901-152604.txt
2017-10-02 17:18:11,125   [INFO] [dcss_stats]  Analyzing morgue-Olivier-20160901-162327.txt
2017-10-02 17:18:11,125   [INFO] [dcss_stats]  Analyzing morgue-Olivier-20160901-163312.txt
2017-10-02 17:18:11,125   [INFO] [dcss_stats]  Analyzing morgue-Olivier-20160901-174150.txt
2017-10-02 17:18:11,125   [INFO] [dcss_stats]  Analyzing morgue-Olivier-20160902-092525.txt
2017-10-02 17:18:11,125   [INFO] [dcss_stats]  Analyzing morgue-Olivier-20160902-103450.txt
2017-10-02 17:18:11,126   [INFO] [dcss_stats]  Analyzing morgue-Olivier-20160902-131605.txt
2017-10-02 17:18:11,126   [INFO] [dcss_stats]  Analyzing morgue-Olivier-20160902-133844.txt
2017-10-02 17:18:11,126   [INFO] [dcss_stats]  Analyzing morgue-Olivier-20160905-091951.txt
2017-10-02 17:18:11,126   [INFO] [dcss_stats]  Analyzing morgue-Olivier-20160905-093609.txt
2017-10-02 17:18:11,126   [INFO] [dcss_stats]  Analyzing morgue-Olivier-20160905-112519.txt
2017-10-02 17:18:11,127   [INFO] [dcss_stats]  Analyzing morgue-Olivier-20160905-160337.txt
2017-10-02 17:18:11,127   [INFO] [dcss_stats]  Analyzing morgue-Olivier-20160905-162903.txt
2017-10-02 17:18:11,127   [INFO] [dcss_stats]  Analyzing morgue-Olivier-20160906-165332.txt
2017-10-02 17:18:11,127   [INFO] [dcss_stats]  Analyzing morgue-Olivier-20160907-095511.txt
2017-10-02 17:18:11,128   [INFO] [dcss_stats]  Analyzing morgue-Pyfroet-20160909-161110.txt
2017-10-02 17:18:11,128   [INFO] [dcss_stats]  Analyzing morgue-Quts-20160916-124526.txt
2017-10-02 17:18:11,128   [INFO] [dcss_stats]  Analyzing morgue-Ruyt-20160915-120051.txt
2017-10-02 17:18:11,128   [INFO] [dcss_stats]  Analyzing morgue-Taaxt-20160909-161306.txt
2017-10-02 17:18:11,128   [INFO] [dcss_stats]  Analyzing morgue-Taghout-20160916-113100.txt
2017-10-02 17:18:11,129   [INFO] [dcss_stats]  Analyzing morgue-Toewn-20160909-162857.txt
2017-10-02 17:18:11,129   [INFO] [dcss_stats]  Analyzing morgue-Toriamy-20160915-134903.txt
2017-10-02 17:18:11,129   [INFO] [dcss_stats]  Analyzing morgue-Toriamy-20160915-160030.txt
2017-10-02 17:18:11,129   [INFO] [dcss_stats]  Analyzing morgue-Ucaischo-20160916-161437.txt
2017-10-02 17:18:11,129   [INFO] [dcss_stats]  Analyzing morgue-UvonurMieb-20160824-134148.txt
2017-10-02 17:18:11,130   [INFO] [dcss_stats]  Analyzing morgue-UvonurMieb-20160824-160203.txt
2017-10-02 17:18:11,130   [INFO] [dcss_stats]  Analyzing morgue-Vieq-20160912-123346.txt
2017-10-02 17:18:11,131   [INFO] [dcss_stats]  Analyzing morgue-Vieq-20160912-130013.txt
2017-10-02 17:18:11,131   [INFO] [dcss_stats]  Analyzing morgue-Vieq-20160912-134815.txt
2017-10-02 17:18:11,132   [INFO] [dcss_stats]  Analyzing morgue-Vieq-20160912-153116.txt
2017-10-02 17:18:11,132   [INFO] [dcss_stats]  Analyzing morgue-Vieq-20160912-165433.txt
2017-10-02 17:18:11,132   [INFO] [dcss_stats]  Analyzing morgue-Wexky-20160913-115126.txt
2017-10-02 17:18:11,133   [INFO] [dcss_stats]  Analyzing morgue-Xikamn-20160915-163026.txt
2017-10-02 17:18:11,133   [INFO] [dcss_stats]  Analyzing morgue-Yfuagill-20160912-102018.txt
2017-10-02 17:18:11,133   [INFO] [dcss_stats]  Analyzing morgue-Zagh-20160916-101501.txt
